<?xml version="1.0" encoding="UTF-8"?>
<!-- Generated by org.testng.reporters.JUnitXMLReporter -->
<testsuite hostname="DESKTOP-4U73KN9" ignored="0" name="Test" tests="1" failures="0" timestamp="19 Apr 2023 10:34:20 GMT" time="0.018" errors="0">
  <testcase name="@BeforeSuite setUp" time="0.039" classname="com.w2a.base.TestBase">
    <failure type="java.lang.NullPointerException">
      <![CDATA[java.lang.NullPointerException
at com.w2a.base.TestBase.setUp(TestBase.java:103)
... Removed 20 stack frames]]>
    </failure>
  </testcase> <!-- @BeforeSuite setUp -->
  <testcase name="run" time="0.0" classname="com.w2a.testcases.SwaglabsTest">
    <skipped/>
  </testcase> <!-- run -->
</testsuite> <!-- Test -->
